
[1;31m----------

NOTICE:

You have tried to upgrade to asdf 0.16.0 or newer. Versions 0.16.0 is a
complete rewrite of asdf in Go. This text is being printed by the older
Bash implementation. If you are seeing this you have not migrated to
asdf 0.16.0. Please follow the instructions on the upgrade guide to
migrate to the new version.

Aside from this notice, this older Bash implementation works as it did
in asdf version 0.15.0 and older.

Migration guide: https://asdf-vm.com/guide/upgrading-to-v0-16
asdf website: https://asdf-vm.com
Source code: https://github.com/asdf-vm/asdf
[0m


> @openknowledge/core@0.1.0 build
> tsup src/index.ts --format esm,cjs --dts

[34mCLI[39m Building entry: src/index.ts
[34mCLI[39m Using tsconfig: tsconfig.json
[34mCLI[39m tsup v8.5.1
[34mCLI[39m Target: es2022
[34mESM[39m Build start
[34mCJS[39m Build start
[32mCJS[39m [1mdist/index.cjs [22m[32m3.32 KB[39m
[32mCJS[39m ⚡️ Build success in 17ms
[32mESM[39m [1mdist/index.js [22m[32m2.14 KB[39m
[32mESM[39m ⚡️ Build success in 17ms
DTS Build start
DTS ⚡️ Build success in 938ms
DTS dist/index.d.ts  1.12 KB
DTS dist/index.d.cts 1.12 KB
⠙[1G[0K
